The system is: Linux - 4.2.3-1-ARCH - i686
Compiling the C compiler identification source file "CMakeCCompilerId.c" succeeded.
Compiler: /usr/bin/clang 
Build flags: 
Id flags: 

The output was:
0


Compilation of the C compiler identification source "CMakeCCompilerId.c" produced "a.out"

The C compiler identification is Clang, found in "/home/kabbotta/workspace/osg/projects/last_ditch/current/build/CMakeFiles/3.3.2/CompilerIdC/a.out"

Compiling the CXX compiler identification source file "CMakeCXXCompilerId.cpp" succeeded.
Compiler: /usr/bin/clang++ 
Build flags: 
Id flags: 

The output was:
0


Compilation of the CXX compiler identification source "CMakeCXXCompilerId.cpp" produced "a.out"

The CXX compiler identification is Clang, found in "/home/kabbotta/workspace/osg/projects/last_ditch/current/build/CMakeFiles/3.3.2/CompilerIdCXX/a.out"

Determining if the C compiler works passed with the following output:
Change Dir: /home/kabbotta/workspace/osg/projects/last_ditch/current/build/CMakeFiles/CMakeTmp

Run Build Command:"/usr/bin/make" "cmTC_2dde8/fast"
/usr/bin/make -f CMakeFiles/cmTC_2dde8.dir/build.make CMakeFiles/cmTC_2dde8.dir/build
make[1]: Entering directory '/home/kabbotta/workspace/osg/projects/last_ditch/current/build/CMakeFiles/CMakeTmp'
Building C object CMakeFiles/cmTC_2dde8.dir/testCCompiler.c.o
/usr/bin/clang    -o CMakeFiles/cmTC_2dde8.dir/testCCompiler.c.o   -c /home/kabbotta/workspace/osg/projects/last_ditch/current/build/CMakeFiles/CMakeTmp/testCCompiler.c
Linking C executable cmTC_2dde8
/usr/bin/cmake -E cmake_link_script CMakeFiles/cmTC_2dde8.dir/link.txt --verbose=1
/usr/bin/clang       CMakeFiles/cmTC_2dde8.dir/testCCompiler.c.o  -o cmTC_2dde8 -rdynamic 
make[1]: Leaving directory '/home/kabbotta/workspace/osg/projects/last_ditch/current/build/CMakeFiles/CMakeTmp'


Detecting C compiler ABI info compiled with the following output:
Change Dir: /home/kabbotta/workspace/osg/projects/last_ditch/current/build/CMakeFiles/CMakeTmp

Run Build Command:"/usr/bin/make" "cmTC_ccfbc/fast"
/usr/bin/make -f CMakeFiles/cmTC_ccfbc.dir/build.make CMakeFiles/cmTC_ccfbc.dir/build
make[1]: Entering directory '/home/kabbotta/workspace/osg/projects/last_ditch/current/build/CMakeFiles/CMakeTmp'
Building C object CMakeFiles/cmTC_ccfbc.dir/CMakeCCompilerABI.c.o
/usr/bin/clang    -o CMakeFiles/cmTC_ccfbc.dir/CMakeCCompilerABI.c.o   -c /usr/share/cmake-3.3/Modules/CMakeCCompilerABI.c
Linking C executable cmTC_ccfbc
/usr/bin/cmake -E cmake_link_script CMakeFiles/cmTC_ccfbc.dir/link.txt --verbose=1
/usr/bin/clang      -v CMakeFiles/cmTC_ccfbc.dir/CMakeCCompilerABI.c.o  -o cmTC_ccfbc -rdynamic  
clang version 3.7.0 (tags/RELEASE_370/final)
Target: i686-pc-linux-gnu
Thread model: posix
Found candidate GCC installation: /usr/bin/../lib/gcc/i686-pc-linux-gnu/5.2.0
Found candidate GCC installation: /usr/lib/gcc/i686-pc-linux-gnu/5.2.0
Selected GCC installation: /usr/bin/../lib/gcc/i686-pc-linux-gnu/5.2.0
Candidate multilib: .;@m32
Selected multilib: .;@m32
 "/usr/bin/ld" -export-dynamic --eh-frame-hdr -m elf_i386 -dynamic-linker /lib/ld-linux.so.2 -o cmTC_ccfbc /usr/bin/../lib/gcc/i686-pc-linux-gnu/5.2.0/../../../crt1.o /usr/bin/../lib/gcc/i686-pc-linux-gnu/5.2.0/../../../crti.o /usr/bin/../lib/gcc/i686-pc-linux-gnu/5.2.0/crtbegin.o -L/usr/bin/../lib/gcc/i686-pc-linux-gnu/5.2.0 -L/usr/bin/../lib/gcc/i686-pc-linux-gnu/5.2.0/../../.. -L/usr/bin/../lib -L/lib -L/usr/lib CMakeFiles/cmTC_ccfbc.dir/CMakeCCompilerABI.c.o -lgcc --as-needed -lgcc_s --no-as-needed -lc -lgcc --as-needed -lgcc_s --no-as-needed /usr/bin/../lib/gcc/i686-pc-linux-gnu/5.2.0/crtend.o /usr/bin/../lib/gcc/i686-pc-linux-gnu/5.2.0/../../../crtn.o
make[1]: Leaving directory '/home/kabbotta/workspace/osg/projects/last_ditch/current/build/CMakeFiles/CMakeTmp'


Parsed C implicit link information from above output:
  link line regex: [^( *|.*[/\])(ld|([^/\]+-)?ld|collect2)[^/\]*( |$)]
  ignore line: [Change Dir: /home/kabbotta/workspace/osg/projects/last_ditch/current/build/CMakeFiles/CMakeTmp]
  ignore line: []
  ignore line: [Run Build Command:"/usr/bin/make" "cmTC_ccfbc/fast"]
  ignore line: [/usr/bin/make -f CMakeFiles/cmTC_ccfbc.dir/build.make CMakeFiles/cmTC_ccfbc.dir/build]
  ignore line: [make[1]: Entering directory '/home/kabbotta/workspace/osg/projects/last_ditch/current/build/CMakeFiles/CMakeTmp']
  ignore line: [Building C object CMakeFiles/cmTC_ccfbc.dir/CMakeCCompilerABI.c.o]
  ignore line: [/usr/bin/clang    -o CMakeFiles/cmTC_ccfbc.dir/CMakeCCompilerABI.c.o   -c /usr/share/cmake-3.3/Modules/CMakeCCompilerABI.c]
  ignore line: [Linking C executable cmTC_ccfbc]
  ignore line: [/usr/bin/cmake -E cmake_link_script CMakeFiles/cmTC_ccfbc.dir/link.txt --verbose=1]
  ignore line: [/usr/bin/clang      -v CMakeFiles/cmTC_ccfbc.dir/CMakeCCompilerABI.c.o  -o cmTC_ccfbc -rdynamic  ]
  ignore line: [clang version 3.7.0 (tags/RELEASE_370/final)]
  ignore line: [Target: i686-pc-linux-gnu]
  ignore line: [Thread model: posix]
  ignore line: [Found candidate GCC installation: /usr/bin/../lib/gcc/i686-pc-linux-gnu/5.2.0]
  ignore line: [Found candidate GCC installation: /usr/lib/gcc/i686-pc-linux-gnu/5.2.0]
  ignore line: [Selected GCC installation: /usr/bin/../lib/gcc/i686-pc-linux-gnu/5.2.0]
  ignore line: [Candidate multilib: .]
  ignore line: [@m32]
  ignore line: [Selected multilib: .]
  ignore line: [@m32]
  link line: [ "/usr/bin/ld" -export-dynamic --eh-frame-hdr -m elf_i386 -dynamic-linker /lib/ld-linux.so.2 -o cmTC_ccfbc /usr/bin/../lib/gcc/i686-pc-linux-gnu/5.2.0/../../../crt1.o /usr/bin/../lib/gcc/i686-pc-linux-gnu/5.2.0/../../../crti.o /usr/bin/../lib/gcc/i686-pc-linux-gnu/5.2.0/crtbegin.o -L/usr/bin/../lib/gcc/i686-pc-linux-gnu/5.2.0 -L/usr/bin/../lib/gcc/i686-pc-linux-gnu/5.2.0/../../.. -L/usr/bin/../lib -L/lib -L/usr/lib CMakeFiles/cmTC_ccfbc.dir/CMakeCCompilerABI.c.o -lgcc --as-needed -lgcc_s --no-as-needed -lc -lgcc --as-needed -lgcc_s --no-as-needed /usr/bin/../lib/gcc/i686-pc-linux-gnu/5.2.0/crtend.o /usr/bin/../lib/gcc/i686-pc-linux-gnu/5.2.0/../../../crtn.o]
    arg [/usr/bin/ld] ==> ignore
    arg [-export-dynamic] ==> ignore
    arg [--eh-frame-hdr] ==> ignore
    arg [-m] ==> ignore
    arg [elf_i386] ==> ignore
    arg [-dynamic-linker] ==> ignore
    arg [/lib/ld-linux.so.2] ==> ignore
    arg [-o] ==> ignore
    arg [cmTC_ccfbc] ==> ignore
    arg [/usr/bin/../lib/gcc/i686-pc-linux-gnu/5.2.0/../../../crt1.o] ==> ignore
    arg [/usr/bin/../lib/gcc/i686-pc-linux-gnu/5.2.0/../../../crti.o] ==> ignore
    arg [/usr/bin/../lib/gcc/i686-pc-linux-gnu/5.2.0/crtbegin.o] ==> ignore
    arg [-L/usr/bin/../lib/gcc/i686-pc-linux-gnu/5.2.0] ==> dir [/usr/bin/../lib/gcc/i686-pc-linux-gnu/5.2.0]
    arg [-L/usr/bin/../lib/gcc/i686-pc-linux-gnu/5.2.0/../../..] ==> dir [/usr/bin/../lib/gcc/i686-pc-linux-gnu/5.2.0/../../..]
    arg [-L/usr/bin/../lib] ==> dir [/usr/bin/../lib]
    arg [-L/lib] ==> dir [/lib]
    arg [-L/usr/lib] ==> dir [/usr/lib]
    arg [CMakeFiles/cmTC_ccfbc.dir/CMakeCCompilerABI.c.o] ==> ignore
    arg [-lgcc] ==> lib [gcc]
    arg [--as-needed] ==> ignore
    arg [-lgcc_s] ==> lib [gcc_s]
    arg [--no-as-needed] ==> ignore
    arg [-lc] ==> lib [c]
    arg [-lgcc] ==> lib [gcc]
    arg [--as-needed] ==> ignore
    arg [-lgcc_s] ==> lib [gcc_s]
    arg [--no-as-needed] ==> ignore
    arg [/usr/bin/../lib/gcc/i686-pc-linux-gnu/5.2.0/crtend.o] ==> ignore
    arg [/usr/bin/../lib/gcc/i686-pc-linux-gnu/5.2.0/../../../crtn.o] ==> ignore
  remove lib [gcc]
  remove lib [gcc_s]
  remove lib [gcc]
  remove lib [gcc_s]
  collapse library dir [/usr/bin/../lib/gcc/i686-pc-linux-gnu/5.2.0] ==> [/usr/lib/gcc/i686-pc-linux-gnu/5.2.0]
  collapse library dir [/usr/bin/../lib/gcc/i686-pc-linux-gnu/5.2.0/../../..] ==> [/usr/lib]
  collapse library dir [/usr/bin/../lib] ==> [/usr/lib]
  collapse library dir [/lib] ==> [/lib]
  collapse library dir [/usr/lib] ==> [/usr/lib]
  implicit libs: [c]
  implicit dirs: [/usr/lib/gcc/i686-pc-linux-gnu/5.2.0;/usr/lib;/lib]
  implicit fwks: []




Detecting C [-std=c11] compiler features compiled with the following output:
Change Dir: /home/kabbotta/workspace/osg/projects/last_ditch/current/build/CMakeFiles/CMakeTmp

Run Build Command:"/usr/bin/make" "cmTC_fcc6b/fast"
/usr/bin/make -f CMakeFiles/cmTC_fcc6b.dir/build.make CMakeFiles/cmTC_fcc6b.dir/build
make[1]: Entering directory '/home/kabbotta/workspace/osg/projects/last_ditch/current/build/CMakeFiles/CMakeTmp'
Building C object CMakeFiles/cmTC_fcc6b.dir/feature_tests.c.o
/usr/bin/clang   -std=c11 -o CMakeFiles/cmTC_fcc6b.dir/feature_tests.c.o   -c /home/kabbotta/workspace/osg/projects/last_ditch/current/build/CMakeFiles/feature_tests.c
Linking C executable cmTC_fcc6b
/usr/bin/cmake -E cmake_link_script CMakeFiles/cmTC_fcc6b.dir/link.txt --verbose=1
/usr/bin/clang       CMakeFiles/cmTC_fcc6b.dir/feature_tests.c.o  -o cmTC_fcc6b -rdynamic 
make[1]: Leaving directory '/home/kabbotta/workspace/osg/projects/last_ditch/current/build/CMakeFiles/CMakeTmp'


    Feature record: C_FEATURE:1c_function_prototypes
    Feature record: C_FEATURE:1c_restrict
    Feature record: C_FEATURE:1c_static_assert
    Feature record: C_FEATURE:1c_variadic_macros


Detecting C [-std=c99] compiler features compiled with the following output:
Change Dir: /home/kabbotta/workspace/osg/projects/last_ditch/current/build/CMakeFiles/CMakeTmp

Run Build Command:"/usr/bin/make" "cmTC_cf440/fast"
/usr/bin/make -f CMakeFiles/cmTC_cf440.dir/build.make CMakeFiles/cmTC_cf440.dir/build
make[1]: Entering directory '/home/kabbotta/workspace/osg/projects/last_ditch/current/build/CMakeFiles/CMakeTmp'
Building C object CMakeFiles/cmTC_cf440.dir/feature_tests.c.o
/usr/bin/clang   -std=c99 -o CMakeFiles/cmTC_cf440.dir/feature_tests.c.o   -c /home/kabbotta/workspace/osg/projects/last_ditch/current/build/CMakeFiles/feature_tests.c
Linking C executable cmTC_cf440
/usr/bin/cmake -E cmake_link_script CMakeFiles/cmTC_cf440.dir/link.txt --verbose=1
/usr/bin/clang       CMakeFiles/cmTC_cf440.dir/feature_tests.c.o  -o cmTC_cf440 -rdynamic 
make[1]: Leaving directory '/home/kabbotta/workspace/osg/projects/last_ditch/current/build/CMakeFiles/CMakeTmp'


    Feature record: C_FEATURE:1c_function_prototypes
    Feature record: C_FEATURE:1c_restrict
    Feature record: C_FEATURE:0c_static_assert
    Feature record: C_FEATURE:1c_variadic_macros


Detecting C [-std=c90] compiler features compiled with the following output:
Change Dir: /home/kabbotta/workspace/osg/projects/last_ditch/current/build/CMakeFiles/CMakeTmp

Run Build Command:"/usr/bin/make" "cmTC_4f75d/fast"
/usr/bin/make -f CMakeFiles/cmTC_4f75d.dir/build.make CMakeFiles/cmTC_4f75d.dir/build
make[1]: Entering directory '/home/kabbotta/workspace/osg/projects/last_ditch/current/build/CMakeFiles/CMakeTmp'
Building C object CMakeFiles/cmTC_4f75d.dir/feature_tests.c.o
/usr/bin/clang   -std=c90 -o CMakeFiles/cmTC_4f75d.dir/feature_tests.c.o   -c /home/kabbotta/workspace/osg/projects/last_ditch/current/build/CMakeFiles/feature_tests.c
Linking C executable cmTC_4f75d
/usr/bin/cmake -E cmake_link_script CMakeFiles/cmTC_4f75d.dir/link.txt --verbose=1
/usr/bin/clang       CMakeFiles/cmTC_4f75d.dir/feature_tests.c.o  -o cmTC_4f75d -rdynamic 
make[1]: Leaving directory '/home/kabbotta/workspace/osg/projects/last_ditch/current/build/CMakeFiles/CMakeTmp'


    Feature record: C_FEATURE:1c_function_prototypes
    Feature record: C_FEATURE:0c_restrict
    Feature record: C_FEATURE:0c_static_assert
    Feature record: C_FEATURE:0c_variadic_macros
Determining if the CXX compiler works passed with the following output:
Change Dir: /home/kabbotta/workspace/osg/projects/last_ditch/current/build/CMakeFiles/CMakeTmp

Run Build Command:"/usr/bin/make" "cmTC_b027d/fast"
/usr/bin/make -f CMakeFiles/cmTC_b027d.dir/build.make CMakeFiles/cmTC_b027d.dir/build
make[1]: Entering directory '/home/kabbotta/workspace/osg/projects/last_ditch/current/build/CMakeFiles/CMakeTmp'
Building CXX object CMakeFiles/cmTC_b027d.dir/testCXXCompiler.cxx.o
/usr/bin/clang++     -o CMakeFiles/cmTC_b027d.dir/testCXXCompiler.cxx.o -c /home/kabbotta/workspace/osg/projects/last_ditch/current/build/CMakeFiles/CMakeTmp/testCXXCompiler.cxx
Linking CXX executable cmTC_b027d
/usr/bin/cmake -E cmake_link_script CMakeFiles/cmTC_b027d.dir/link.txt --verbose=1
/usr/bin/clang++        CMakeFiles/cmTC_b027d.dir/testCXXCompiler.cxx.o  -o cmTC_b027d -rdynamic 
make[1]: Leaving directory '/home/kabbotta/workspace/osg/projects/last_ditch/current/build/CMakeFiles/CMakeTmp'


Detecting CXX compiler ABI info compiled with the following output:
Change Dir: /home/kabbotta/workspace/osg/projects/last_ditch/current/build/CMakeFiles/CMakeTmp

Run Build Command:"/usr/bin/make" "cmTC_5079f/fast"
/usr/bin/make -f CMakeFiles/cmTC_5079f.dir/build.make CMakeFiles/cmTC_5079f.dir/build
make[1]: Entering directory '/home/kabbotta/workspace/osg/projects/last_ditch/current/build/CMakeFiles/CMakeTmp'
Building CXX object CMakeFiles/cmTC_5079f.dir/CMakeCXXCompilerABI.cpp.o
/usr/bin/clang++     -o CMakeFiles/cmTC_5079f.dir/CMakeCXXCompilerABI.cpp.o -c /usr/share/cmake-3.3/Modules/CMakeCXXCompilerABI.cpp
Linking CXX executable cmTC_5079f
/usr/bin/cmake -E cmake_link_script CMakeFiles/cmTC_5079f.dir/link.txt --verbose=1
/usr/bin/clang++       -v CMakeFiles/cmTC_5079f.dir/CMakeCXXCompilerABI.cpp.o  -o cmTC_5079f -rdynamic  
clang version 3.7.0 (tags/RELEASE_370/final)
Target: i686-pc-linux-gnu
Thread model: posix
Found candidate GCC installation: /usr/bin/../lib/gcc/i686-pc-linux-gnu/5.2.0
Found candidate GCC installation: /usr/lib/gcc/i686-pc-linux-gnu/5.2.0
Selected GCC installation: /usr/bin/../lib/gcc/i686-pc-linux-gnu/5.2.0
Candidate multilib: .;@m32
Selected multilib: .;@m32
 "/usr/bin/ld" -export-dynamic --eh-frame-hdr -m elf_i386 -dynamic-linker /lib/ld-linux.so.2 -o cmTC_5079f /usr/bin/../lib/gcc/i686-pc-linux-gnu/5.2.0/../../../crt1.o /usr/bin/../lib/gcc/i686-pc-linux-gnu/5.2.0/../../../crti.o /usr/bin/../lib/gcc/i686-pc-linux-gnu/5.2.0/crtbegin.o -L/usr/bin/../lib/gcc/i686-pc-linux-gnu/5.2.0 -L/usr/bin/../lib/gcc/i686-pc-linux-gnu/5.2.0/../../.. -L/usr/bin/../lib -L/lib -L/usr/lib CMakeFiles/cmTC_5079f.dir/CMakeCXXCompilerABI.cpp.o -lstdc++ -lm -lgcc_s -lgcc -lc -lgcc_s -lgcc /usr/bin/../lib/gcc/i686-pc-linux-gnu/5.2.0/crtend.o /usr/bin/../lib/gcc/i686-pc-linux-gnu/5.2.0/../../../crtn.o
make[1]: Leaving directory '/home/kabbotta/workspace/osg/projects/last_ditch/current/build/CMakeFiles/CMakeTmp'


Parsed CXX implicit link information from above output:
  link line regex: [^( *|.*[/\])(ld|([^/\]+-)?ld|collect2)[^/\]*( |$)]
  ignore line: [Change Dir: /home/kabbotta/workspace/osg/projects/last_ditch/current/build/CMakeFiles/CMakeTmp]
  ignore line: []
  ignore line: [Run Build Command:"/usr/bin/make" "cmTC_5079f/fast"]
  ignore line: [/usr/bin/make -f CMakeFiles/cmTC_5079f.dir/build.make CMakeFiles/cmTC_5079f.dir/build]
  ignore line: [make[1]: Entering directory '/home/kabbotta/workspace/osg/projects/last_ditch/current/build/CMakeFiles/CMakeTmp']
  ignore line: [Building CXX object CMakeFiles/cmTC_5079f.dir/CMakeCXXCompilerABI.cpp.o]
  ignore line: [/usr/bin/clang++     -o CMakeFiles/cmTC_5079f.dir/CMakeCXXCompilerABI.cpp.o -c /usr/share/cmake-3.3/Modules/CMakeCXXCompilerABI.cpp]
  ignore line: [Linking CXX executable cmTC_5079f]
  ignore line: [/usr/bin/cmake -E cmake_link_script CMakeFiles/cmTC_5079f.dir/link.txt --verbose=1]
  ignore line: [/usr/bin/clang++       -v CMakeFiles/cmTC_5079f.dir/CMakeCXXCompilerABI.cpp.o  -o cmTC_5079f -rdynamic  ]
  ignore line: [clang version 3.7.0 (tags/RELEASE_370/final)]
  ignore line: [Target: i686-pc-linux-gnu]
  ignore line: [Thread model: posix]
  ignore line: [Found candidate GCC installation: /usr/bin/../lib/gcc/i686-pc-linux-gnu/5.2.0]
  ignore line: [Found candidate GCC installation: /usr/lib/gcc/i686-pc-linux-gnu/5.2.0]
  ignore line: [Selected GCC installation: /usr/bin/../lib/gcc/i686-pc-linux-gnu/5.2.0]
  ignore line: [Candidate multilib: .]
  ignore line: [@m32]
  ignore line: [Selected multilib: .]
  ignore line: [@m32]
  link line: [ "/usr/bin/ld" -export-dynamic --eh-frame-hdr -m elf_i386 -dynamic-linker /lib/ld-linux.so.2 -o cmTC_5079f /usr/bin/../lib/gcc/i686-pc-linux-gnu/5.2.0/../../../crt1.o /usr/bin/../lib/gcc/i686-pc-linux-gnu/5.2.0/../../../crti.o /usr/bin/../lib/gcc/i686-pc-linux-gnu/5.2.0/crtbegin.o -L/usr/bin/../lib/gcc/i686-pc-linux-gnu/5.2.0 -L/usr/bin/../lib/gcc/i686-pc-linux-gnu/5.2.0/../../.. -L/usr/bin/../lib -L/lib -L/usr/lib CMakeFiles/cmTC_5079f.dir/CMakeCXXCompilerABI.cpp.o -lstdc++ -lm -lgcc_s -lgcc -lc -lgcc_s -lgcc /usr/bin/../lib/gcc/i686-pc-linux-gnu/5.2.0/crtend.o /usr/bin/../lib/gcc/i686-pc-linux-gnu/5.2.0/../../../crtn.o]
    arg [/usr/bin/ld] ==> ignore
    arg [-export-dynamic] ==> ignore
    arg [--eh-frame-hdr] ==> ignore
    arg [-m] ==> ignore
    arg [elf_i386] ==> ignore
    arg [-dynamic-linker] ==> ignore
    arg [/lib/ld-linux.so.2] ==> ignore
    arg [-o] ==> ignore
    arg [cmTC_5079f] ==> ignore
    arg [/usr/bin/../lib/gcc/i686-pc-linux-gnu/5.2.0/../../../crt1.o] ==> ignore
    arg [/usr/bin/../lib/gcc/i686-pc-linux-gnu/5.2.0/../../../crti.o] ==> ignore
    arg [/usr/bin/../lib/gcc/i686-pc-linux-gnu/5.2.0/crtbegin.o] ==> ignore
    arg [-L/usr/bin/../lib/gcc/i686-pc-linux-gnu/5.2.0] ==> dir [/usr/bin/../lib/gcc/i686-pc-linux-gnu/5.2.0]
    arg [-L/usr/bin/../lib/gcc/i686-pc-linux-gnu/5.2.0/../../..] ==> dir [/usr/bin/../lib/gcc/i686-pc-linux-gnu/5.2.0/../../..]
    arg [-L/usr/bin/../lib] ==> dir [/usr/bin/../lib]
    arg [-L/lib] ==> dir [/lib]
    arg [-L/usr/lib] ==> dir [/usr/lib]
    arg [CMakeFiles/cmTC_5079f.dir/CMakeCXXCompilerABI.cpp.o] ==> ignore
    arg [-lstdc++] ==> lib [stdc++]
    arg [-lm] ==> lib [m]
    arg [-lgcc_s] ==> lib [gcc_s]
    arg [-lgcc] ==> lib [gcc]
    arg [-lc] ==> lib [c]
    arg [-lgcc_s] ==> lib [gcc_s]
    arg [-lgcc] ==> lib [gcc]
    arg [/usr/bin/../lib/gcc/i686-pc-linux-gnu/5.2.0/crtend.o] ==> ignore
    arg [/usr/bin/../lib/gcc/i686-pc-linux-gnu/5.2.0/../../../crtn.o] ==> ignore
  remove lib [gcc_s]
  remove lib [gcc]
  remove lib [gcc_s]
  remove lib [gcc]
  collapse library dir [/usr/bin/../lib/gcc/i686-pc-linux-gnu/5.2.0] ==> [/usr/lib/gcc/i686-pc-linux-gnu/5.2.0]
  collapse library dir [/usr/bin/../lib/gcc/i686-pc-linux-gnu/5.2.0/../../..] ==> [/usr/lib]
  collapse library dir [/usr/bin/../lib] ==> [/usr/lib]
  collapse library dir [/lib] ==> [/lib]
  collapse library dir [/usr/lib] ==> [/usr/lib]
  implicit libs: [stdc++;m;c]
  implicit dirs: [/usr/lib/gcc/i686-pc-linux-gnu/5.2.0;/usr/lib;/lib]
  implicit fwks: []




Detecting CXX [-std=c++14] compiler features compiled with the following output:
Change Dir: /home/kabbotta/workspace/osg/projects/last_ditch/current/build/CMakeFiles/CMakeTmp

Run Build Command:"/usr/bin/make" "cmTC_872a4/fast"
/usr/bin/make -f CMakeFiles/cmTC_872a4.dir/build.make CMakeFiles/cmTC_872a4.dir/build
make[1]: Entering directory '/home/kabbotta/workspace/osg/projects/last_ditch/current/build/CMakeFiles/CMakeTmp'
Building CXX object CMakeFiles/cmTC_872a4.dir/feature_tests.cxx.o
/usr/bin/clang++    -std=c++14 -o CMakeFiles/cmTC_872a4.dir/feature_tests.cxx.o -c /home/kabbotta/workspace/osg/projects/last_ditch/current/build/CMakeFiles/feature_tests.cxx
Linking CXX executable cmTC_872a4
/usr/bin/cmake -E cmake_link_script CMakeFiles/cmTC_872a4.dir/link.txt --verbose=1
/usr/bin/clang++        CMakeFiles/cmTC_872a4.dir/feature_tests.cxx.o  -o cmTC_872a4 -rdynamic 
make[1]: Leaving directory '/home/kabbotta/workspace/osg/projects/last_ditch/current/build/CMakeFiles/CMakeTmp'


    Feature record: CXX_FEATURE:1cxx_aggregate_default_initializers
    Feature record: CXX_FEATURE:1cxx_alias_templates
    Feature record: CXX_FEATURE:1cxx_alignas
    Feature record: CXX_FEATURE:1cxx_alignof
    Feature record: CXX_FEATURE:1cxx_attributes
    Feature record: CXX_FEATURE:1cxx_attribute_deprecated
    Feature record: CXX_FEATURE:1cxx_auto_type
    Feature record: CXX_FEATURE:1cxx_binary_literals
    Feature record: CXX_FEATURE:1cxx_constexpr
    Feature record: CXX_FEATURE:1cxx_contextual_conversions
    Feature record: CXX_FEATURE:1cxx_decltype
    Feature record: CXX_FEATURE:1cxx_decltype_auto
    Feature record: CXX_FEATURE:1cxx_decltype_incomplete_return_types
    Feature record: CXX_FEATURE:1cxx_default_function_template_args
    Feature record: CXX_FEATURE:1cxx_defaulted_functions
    Feature record: CXX_FEATURE:1cxx_defaulted_move_initializers
    Feature record: CXX_FEATURE:1cxx_delegating_constructors
    Feature record: CXX_FEATURE:1cxx_deleted_functions
    Feature record: CXX_FEATURE:1cxx_digit_separators
    Feature record: CXX_FEATURE:1cxx_enum_forward_declarations
    Feature record: CXX_FEATURE:1cxx_explicit_conversions
    Feature record: CXX_FEATURE:1cxx_extended_friend_declarations
    Feature record: CXX_FEATURE:1cxx_extern_templates
    Feature record: CXX_FEATURE:1cxx_final
    Feature record: CXX_FEATURE:1cxx_func_identifier
    Feature record: CXX_FEATURE:1cxx_generalized_initializers
    Feature record: CXX_FEATURE:1cxx_generic_lambdas
    Feature record: CXX_FEATURE:1cxx_inheriting_constructors
    Feature record: CXX_FEATURE:1cxx_inline_namespaces
    Feature record: CXX_FEATURE:1cxx_lambdas
    Feature record: CXX_FEATURE:1cxx_lambda_init_captures
    Feature record: CXX_FEATURE:1cxx_local_type_template_args
    Feature record: CXX_FEATURE:1cxx_long_long_type
    Feature record: CXX_FEATURE:1cxx_noexcept
    Feature record: CXX_FEATURE:1cxx_nonstatic_member_init
    Feature record: CXX_FEATURE:1cxx_nullptr
    Feature record: CXX_FEATURE:1cxx_override
    Feature record: CXX_FEATURE:1cxx_range_for
    Feature record: CXX_FEATURE:1cxx_raw_string_literals
    Feature record: CXX_FEATURE:1cxx_reference_qualified_functions
    Feature record: CXX_FEATURE:1cxx_relaxed_constexpr
    Feature record: CXX_FEATURE:1cxx_return_type_deduction
    Feature record: CXX_FEATURE:1cxx_right_angle_brackets
    Feature record: CXX_FEATURE:1cxx_rvalue_references
    Feature record: CXX_FEATURE:1cxx_sizeof_member
    Feature record: CXX_FEATURE:1cxx_static_assert
    Feature record: CXX_FEATURE:1cxx_strong_enums
    Feature record: CXX_FEATURE:1cxx_template_template_parameters
    Feature record: CXX_FEATURE:1cxx_thread_local
    Feature record: CXX_FEATURE:1cxx_trailing_return_types
    Feature record: CXX_FEATURE:1cxx_unicode_literals
    Feature record: CXX_FEATURE:1cxx_uniform_initialization
    Feature record: CXX_FEATURE:1cxx_unrestricted_unions
    Feature record: CXX_FEATURE:1cxx_user_literals
    Feature record: CXX_FEATURE:1cxx_variable_templates
    Feature record: CXX_FEATURE:1cxx_variadic_macros
    Feature record: CXX_FEATURE:1cxx_variadic_templates


Detecting CXX [-std=c++11] compiler features compiled with the following output:
Change Dir: /home/kabbotta/workspace/osg/projects/last_ditch/current/build/CMakeFiles/CMakeTmp

Run Build Command:"/usr/bin/make" "cmTC_ea6db/fast"
/usr/bin/make -f CMakeFiles/cmTC_ea6db.dir/build.make CMakeFiles/cmTC_ea6db.dir/build
make[1]: Entering directory '/home/kabbotta/workspace/osg/projects/last_ditch/current/build/CMakeFiles/CMakeTmp'
Building CXX object CMakeFiles/cmTC_ea6db.dir/feature_tests.cxx.o
/usr/bin/clang++    -std=c++11 -o CMakeFiles/cmTC_ea6db.dir/feature_tests.cxx.o -c /home/kabbotta/workspace/osg/projects/last_ditch/current/build/CMakeFiles/feature_tests.cxx
Linking CXX executable cmTC_ea6db
/usr/bin/cmake -E cmake_link_script CMakeFiles/cmTC_ea6db.dir/link.txt --verbose=1
/usr/bin/clang++        CMakeFiles/cmTC_ea6db.dir/feature_tests.cxx.o  -o cmTC_ea6db -rdynamic 
make[1]: Leaving directory '/home/kabbotta/workspace/osg/projects/last_ditch/current/build/CMakeFiles/CMakeTmp'


    Feature record: CXX_FEATURE:0cxx_aggregate_default_initializers
    Feature record: CXX_FEATURE:1cxx_alias_templates
    Feature record: CXX_FEATURE:1cxx_alignas
    Feature record: CXX_FEATURE:1cxx_alignof
    Feature record: CXX_FEATURE:1cxx_attributes
    Feature record: CXX_FEATURE:0cxx_attribute_deprecated
    Feature record: CXX_FEATURE:1cxx_auto_type
    Feature record: CXX_FEATURE:0cxx_binary_literals
    Feature record: CXX_FEATURE:1cxx_constexpr
    Feature record: CXX_FEATURE:0cxx_contextual_conversions
    Feature record: CXX_FEATURE:1cxx_decltype
    Feature record: CXX_FEATURE:0cxx_decltype_auto
    Feature record: CXX_FEATURE:1cxx_decltype_incomplete_return_types
    Feature record: CXX_FEATURE:1cxx_default_function_template_args
    Feature record: CXX_FEATURE:1cxx_defaulted_functions
    Feature record: CXX_FEATURE:1cxx_defaulted_move_initializers
    Feature record: CXX_FEATURE:1cxx_delegating_constructors
    Feature record: CXX_FEATURE:1cxx_deleted_functions
    Feature record: CXX_FEATURE:0cxx_digit_separators
    Feature record: CXX_FEATURE:1cxx_enum_forward_declarations
    Feature record: CXX_FEATURE:1cxx_explicit_conversions
    Feature record: CXX_FEATURE:1cxx_extended_friend_declarations
    Feature record: CXX_FEATURE:1cxx_extern_templates
    Feature record: CXX_FEATURE:1cxx_final
    Feature record: CXX_FEATURE:1cxx_func_identifier
    Feature record: CXX_FEATURE:1cxx_generalized_initializers
    Feature record: CXX_FEATURE:0cxx_generic_lambdas
    Feature record: CXX_FEATURE:1cxx_inheriting_constructors
    Feature record: CXX_FEATURE:1cxx_inline_namespaces
    Feature record: CXX_FEATURE:1cxx_lambdas
    Feature record: CXX_FEATURE:0cxx_lambda_init_captures
    Feature record: CXX_FEATURE:1cxx_local_type_template_args
    Feature record: CXX_FEATURE:1cxx_long_long_type
    Feature record: CXX_FEATURE:1cxx_noexcept
    Feature record: CXX_FEATURE:1cxx_nonstatic_member_init
    Feature record: CXX_FEATURE:1cxx_nullptr
    Feature record: CXX_FEATURE:1cxx_override
    Feature record: CXX_FEATURE:1cxx_range_for
    Feature record: CXX_FEATURE:1cxx_raw_string_literals
    Feature record: CXX_FEATURE:1cxx_reference_qualified_functions
    Feature record: CXX_FEATURE:0cxx_relaxed_constexpr
    Feature record: CXX_FEATURE:0cxx_return_type_deduction
    Feature record: CXX_FEATURE:1cxx_right_angle_brackets
    Feature record: CXX_FEATURE:1cxx_rvalue_references
    Feature record: CXX_FEATURE:1cxx_sizeof_member
    Feature record: CXX_FEATURE:1cxx_static_assert
    Feature record: CXX_FEATURE:1cxx_strong_enums
    Feature record: CXX_FEATURE:1cxx_template_template_parameters
    Feature record: CXX_FEATURE:1cxx_thread_local
    Feature record: CXX_FEATURE:1cxx_trailing_return_types
    Feature record: CXX_FEATURE:1cxx_unicode_literals
    Feature record: CXX_FEATURE:1cxx_uniform_initialization
    Feature record: CXX_FEATURE:1cxx_unrestricted_unions
    Feature record: CXX_FEATURE:1cxx_user_literals
    Feature record: CXX_FEATURE:0cxx_variable_templates
    Feature record: CXX_FEATURE:1cxx_variadic_macros
    Feature record: CXX_FEATURE:1cxx_variadic_templates


Detecting CXX [-std=c++98] compiler features compiled with the following output:
Change Dir: /home/kabbotta/workspace/osg/projects/last_ditch/current/build/CMakeFiles/CMakeTmp

Run Build Command:"/usr/bin/make" "cmTC_144bf/fast"
/usr/bin/make -f CMakeFiles/cmTC_144bf.dir/build.make CMakeFiles/cmTC_144bf.dir/build
make[1]: Entering directory '/home/kabbotta/workspace/osg/projects/last_ditch/current/build/CMakeFiles/CMakeTmp'
Building CXX object CMakeFiles/cmTC_144bf.dir/feature_tests.cxx.o
/usr/bin/clang++    -std=c++98 -o CMakeFiles/cmTC_144bf.dir/feature_tests.cxx.o -c /home/kabbotta/workspace/osg/projects/last_ditch/current/build/CMakeFiles/feature_tests.cxx
Linking CXX executable cmTC_144bf
/usr/bin/cmake -E cmake_link_script CMakeFiles/cmTC_144bf.dir/link.txt --verbose=1
/usr/bin/clang++        CMakeFiles/cmTC_144bf.dir/feature_tests.cxx.o  -o cmTC_144bf -rdynamic 
make[1]: Leaving directory '/home/kabbotta/workspace/osg/projects/last_ditch/current/build/CMakeFiles/CMakeTmp'


    Feature record: CXX_FEATURE:0cxx_aggregate_default_initializers
    Feature record: CXX_FEATURE:0cxx_alias_templates
    Feature record: CXX_FEATURE:0cxx_alignas
    Feature record: CXX_FEATURE:0cxx_alignof
    Feature record: CXX_FEATURE:0cxx_attributes
    Feature record: CXX_FEATURE:0cxx_attribute_deprecated
    Feature record: CXX_FEATURE:0cxx_auto_type
    Feature record: CXX_FEATURE:0cxx_binary_literals
    Feature record: CXX_FEATURE:0cxx_constexpr
    Feature record: CXX_FEATURE:0cxx_contextual_conversions
    Feature record: CXX_FEATURE:0cxx_decltype
    Feature record: CXX_FEATURE:0cxx_decltype_auto
    Feature record: CXX_FEATURE:0cxx_decltype_incomplete_return_types
    Feature record: CXX_FEATURE:0cxx_default_function_template_args
    Feature record: CXX_FEATURE:0cxx_defaulted_functions
    Feature record: CXX_FEATURE:0cxx_defaulted_move_initializers
    Feature record: CXX_FEATURE:0cxx_delegating_constructors
    Feature record: CXX_FEATURE:0cxx_deleted_functions
    Feature record: CXX_FEATURE:0cxx_digit_separators
    Feature record: CXX_FEATURE:0cxx_enum_forward_declarations
    Feature record: CXX_FEATURE:0cxx_explicit_conversions
    Feature record: CXX_FEATURE:0cxx_extended_friend_declarations
    Feature record: CXX_FEATURE:0cxx_extern_templates
    Feature record: CXX_FEATURE:0cxx_final
    Feature record: CXX_FEATURE:0cxx_func_identifier
    Feature record: CXX_FEATURE:0cxx_generalized_initializers
    Feature record: CXX_FEATURE:0cxx_generic_lambdas
    Feature record: CXX_FEATURE:0cxx_inheriting_constructors
    Feature record: CXX_FEATURE:0cxx_inline_namespaces
    Feature record: CXX_FEATURE:0cxx_lambdas
    Feature record: CXX_FEATURE:0cxx_lambda_init_captures
    Feature record: CXX_FEATURE:0cxx_local_type_template_args
    Feature record: CXX_FEATURE:0cxx_long_long_type
    Feature record: CXX_FEATURE:0cxx_noexcept
    Feature record: CXX_FEATURE:0cxx_nonstatic_member_init
    Feature record: CXX_FEATURE:0cxx_nullptr
    Feature record: CXX_FEATURE:0cxx_override
    Feature record: CXX_FEATURE:0cxx_range_for
    Feature record: CXX_FEATURE:0cxx_raw_string_literals
    Feature record: CXX_FEATURE:0cxx_reference_qualified_functions
    Feature record: CXX_FEATURE:0cxx_relaxed_constexpr
    Feature record: CXX_FEATURE:0cxx_return_type_deduction
    Feature record: CXX_FEATURE:0cxx_right_angle_brackets
    Feature record: CXX_FEATURE:0cxx_rvalue_references
    Feature record: CXX_FEATURE:0cxx_sizeof_member
    Feature record: CXX_FEATURE:0cxx_static_assert
    Feature record: CXX_FEATURE:0cxx_strong_enums
    Feature record: CXX_FEATURE:1cxx_template_template_parameters
    Feature record: CXX_FEATURE:0cxx_thread_local
    Feature record: CXX_FEATURE:0cxx_trailing_return_types
    Feature record: CXX_FEATURE:0cxx_unicode_literals
    Feature record: CXX_FEATURE:0cxx_uniform_initialization
    Feature record: CXX_FEATURE:0cxx_unrestricted_unions
    Feature record: CXX_FEATURE:0cxx_user_literals
    Feature record: CXX_FEATURE:0cxx_variable_templates
    Feature record: CXX_FEATURE:0cxx_variadic_macros
    Feature record: CXX_FEATURE:0cxx_variadic_templates
